<?xml version="1.0" encoding="UTF-8" standalone="yes"?><!DOCTYPE report PUBLIC "-//JACOCO//DTD Report 1.1//EN" "report.dtd"><report name="Secure NIO"><sessioninfo id="runnervm3jd5f-2767ba22" start="1784408586040" dump="1784408590795"/><package name="io/github/rhusar/securenio/channels"><class name="io/github/rhusar/securenio/channels/SecureSocketChannel" sourcefilename="SecureSocketChannel.java"><method name="&lt;init&gt;" desc="(Ljava/nio/channels/SocketChannel;Ljavax/net/ssl/SSLEngine;Ljava/util/concurrent/ExecutorService;)V" line="60"><counter type="INSTRUCTION" missed="0" covered="21"/><counter type="LINE" missed="0" covered="5"/><counter type="COMPLEXITY" missed="0" covered="1"/><counter type="METHOD" missed="0" covered="1"/></method><method name="delegate" desc="()Ljava/nio/channels/SocketChannel;" line="72"><counter type="INSTRUCTION" missed="0" covered="3"/><counter type="LINE" missed="0" covered="1"/><counter type="COMPLEXITY" missed="0" covered="1"/><counter type="METHOD" missed="0" covered="1"/></method><method name="requireNonBlocking" desc="()V" line="81"><counter type="INSTRUCTION" missed="0" covered="8"/><counter type="BRANCH" missed="0" covered="2"/><counter type="LINE" missed="0" covered="3"/><counter type="COMPLEXITY" missed="0" covered="2"/><counter type="METHOD" missed="0" covered="1"/></method><method name="read" desc="(Ljava/nio/ByteBuffer;)I" line="94"><counter type="INSTRUCTION" missed="0" covered="40"/><counter type="BRANCH" missed="0" covered="4"/><counter type="LINE" missed="0" covered="11"/><counter type="COMPLEXITY" missed="0" covered="3"/><counter type="METHOD" missed="0" covered="1"/></method><method name="read" desc="([Ljava/nio/ByteBuffer;II)J" line="114"><counter type="INSTRUCTION" missed="28" covered="22"/><counter type="BRANCH" missed="10" covered="2"/><counter type="LINE" missed="8" covered="5"/><counter type="COMPLEXITY" missed="6" covered="1"/><counter type="METHOD" missed="0" covered="1"/></method><method name="write" desc="(Ljava/nio/ByteBuffer;)I" line="144"><counter type="INSTRUCTION" missed="4" covered="28"/><counter type="BRANCH" missed="1" covered="1"/><counter type="LINE" missed="1" covered="8"/><counter type="COMPLEXITY" missed="1" covered="1"/><counter type="METHOD" missed="0" covered="1"/></method><method name="write" desc="([Ljava/nio/ByteBuffer;II)J" line="161"><counter type="INSTRUCTION" missed="50" covered="0"/><counter type="BRANCH" missed="12" covered="0"/><counter type="LINE" missed="13" covered="0"/><counter type="COMPLEXITY" missed="7" covered="0"/><counter type="METHOD" missed="1" covered="0"/></method><method name="implCloseSelectableChannel" desc="()V" line="190"><counter type="INSTRUCTION" missed="3" covered="41"/><counter type="BRANCH" missed="0" covered="6"/><counter type="LINE" missed="2" covered="17"/><counter type="COMPLEXITY" missed="0" covered="4"/><counter type="METHOD" missed="0" covered="1"/></method><method name="implConfigureBlocking" desc="(Z)V" line="227"><counter type="INSTRUCTION" missed="0" covered="6"/><counter type="LINE" missed="0" covered="2"/><counter type="COMPLEXITY" missed="0" covered="1"/><counter type="METHOD" missed="0" covered="1"/></method><method name="isConnected" desc="()Z" line="232"><counter type="INSTRUCTION" missed="0" covered="4"/><counter type="LINE" missed="0" covered="1"/><counter type="COMPLEXITY" missed="0" covered="1"/><counter type="METHOD" missed="0" covered="1"/></method><method name="isConnectionPending" desc="()Z" line="237"><counter type="INSTRUCTION" missed="0" covered="4"/><counter type="LINE" missed="0" covered="1"/><counter type="COMPLEXITY" missed="0" covered="1"/><counter type="METHOD" missed="0" covered="1"/></method><method name="connect" desc="(Ljava/net/SocketAddress;)Z" line="242"><counter type="INSTRUCTION" missed="0" covered="5"/><counter type="LINE" missed="0" covered="1"/><counter type="COMPLEXITY" missed="0" covered="1"/><counter type="METHOD" missed="0" covered="1"/></method><method name="finishConnect" desc="()Z" line="247"><counter type="INSTRUCTION" missed="0" covered="4"/><counter type="LINE" missed="0" covered="1"/><counter type="COMPLEXITY" missed="0" covered="1"/><counter type="METHOD" missed="0" covered="1"/></method><method name="getRemoteAddress" desc="()Ljava/net/SocketAddress;" line="252"><counter type="INSTRUCTION" missed="4" covered="0"/><counter type="LINE" missed="1" covered="0"/><counter type="COMPLEXITY" missed="1" covered="0"/><counter type="METHOD" missed="1" covered="0"/></method><method name="getLocalAddress" desc="()Ljava/net/SocketAddress;" line="257"><counter type="INSTRUCTION" missed="0" covered="4"/><counter type="LINE" missed="0" covered="1"/><counter type="COMPLEXITY" missed="0" covered="1"/><counter type="METHOD" missed="0" covered="1"/></method><method name="bind" desc="(Ljava/net/SocketAddress;)Ljava/nio/channels/SocketChannel;" line="262"><counter type="INSTRUCTION" missed="0" covered="7"/><counter type="LINE" missed="0" covered="2"/><counter type="COMPLEXITY" missed="0" covered="1"/><counter type="METHOD" missed="0" covered="1"/></method><method name="setOption" desc="(Ljava/net/SocketOption;Ljava/lang/Object;)Ljava/nio/channels/SocketChannel;" line="268"><counter type="INSTRUCTION" missed="0" covered="8"/><counter type="LINE" missed="0" covered="2"/><counter type="COMPLEXITY" missed="0" covered="1"/><counter type="METHOD" missed="0" covered="1"/></method><method name="getOption" desc="(Ljava/net/SocketOption;)Ljava/lang/Object;" line="274"><counter type="INSTRUCTION" missed="0" covered="5"/><counter type="LINE" missed="0" covered="1"/><counter type="COMPLEXITY" missed="0" covered="1"/><counter type="METHOD" missed="0" covered="1"/></method><method name="supportedOptions" desc="()Ljava/util/Set;" line="279"><counter type="INSTRUCTION" missed="0" covered="4"/><counter type="LINE" missed="0" covered="1"/><counter type="COMPLEXITY" missed="0" covered="1"/><counter type="METHOD" missed="0" covered="1"/></method><method name="shutdownInput" desc="()Ljava/nio/channels/SocketChannel;" line="284"><counter type="INSTRUCTION" missed="6" covered="0"/><counter type="LINE" missed="2" covered="0"/><counter type="COMPLEXITY" missed="1" covered="0"/><counter type="METHOD" missed="1" covered="0"/></method><method name="shutdownOutput" desc="()Ljava/nio/channels/SocketChannel;" line="290"><counter type="INSTRUCTION" missed="6" covered="0"/><counter type="LINE" missed="2" covered="0"/><counter type="COMPLEXITY" missed="1" covered="0"/><counter type="METHOD" missed="1" covered="0"/></method><method name="socket" desc="()Ljava/net/Socket;" line="296"><counter type="INSTRUCTION" missed="0" covered="4"/><counter type="LINE" missed="0" covered="1"/><counter type="COMPLEXITY" missed="0" covered="1"/><counter type="METHOD" missed="0" covered="1"/></method><counter type="INSTRUCTION" missed="101" covered="218"/><counter type="BRANCH" missed="23" covered="15"/><counter type="LINE" missed="29" covered="64"/><counter type="COMPLEXITY" missed="17" covered="24"/><counter type="METHOD" missed="4" covered="18"/><counter type="CLASS" missed="0" covered="1"/></class><class name="io/github/rhusar/securenio/channels/DelegatedTasks" sourcefilename="DelegatedTasks.java"><method name="run" desc="(Ljavax/net/ssl/SSLEngine;Ljava/util/concurrent/ExecutorService;)V" line="36"><counter type="INSTRUCTION" missed="22" covered="40"/><counter type="BRANCH" missed="2" covered="6"/><counter type="LINE" missed="8" covered="13"/><counter type="COMPLEXITY" missed="2" covered="3"/><counter type="METHOD" missed="0" covered="1"/></method><counter type="INSTRUCTION" missed="22" covered="40"/><counter type="BRANCH" missed="2" covered="6"/><counter type="LINE" missed="8" covered="13"/><counter type="COMPLEXITY" missed="2" covered="3"/><counter type="METHOD" missed="0" covered="1"/><counter type="CLASS" missed="0" covered="1"/></class><class name="io/github/rhusar/securenio/channels/SecureDatagramChannel" sourcefilename="SecureDatagramChannel.java"><method name="&lt;init&gt;" desc="(Ljava/nio/channels/DatagramChannel;Ljavax/net/ssl/SSLEngine;Ljava/util/concurrent/ExecutorService;)V" line="89"><counter type="INSTRUCTION" missed="0" covered="21"/><counter type="LINE" missed="0" covered="5"/><counter type="COMPLEXITY" missed="0" covered="1"/><counter type="METHOD" missed="0" covered="1"/></method><method name="delegate" desc="()Ljava/nio/channels/DatagramChannel;" line="101"><counter type="INSTRUCTION" missed="0" covered="3"/><counter type="LINE" missed="0" covered="1"/><counter type="COMPLEXITY" missed="0" covered="1"/><counter type="METHOD" missed="0" covered="1"/></method><method name="retransmit" desc="()V" line="110"><counter type="INSTRUCTION" missed="0" covered="10"/><counter type="LINE" missed="0" covered="4"/><counter type="COMPLEXITY" missed="0" covered="1"/><counter type="METHOD" missed="0" covered="1"/></method><method name="isHandshaking" desc="()Z" line="122"><counter type="INSTRUCTION" missed="12" covered="0"/><counter type="LINE" missed="3" covered="0"/><counter type="COMPLEXITY" missed="1" covered="0"/><counter type="METHOD" missed="1" covered="0"/></method><method name="read" desc="(Ljava/nio/ByteBuffer;)I" line="143"><counter type="INSTRUCTION" missed="0" covered="28"/><counter type="BRANCH" missed="0" covered="2"/><counter type="LINE" missed="0" covered="8"/><counter type="COMPLEXITY" missed="0" covered="2"/><counter type="METHOD" missed="0" covered="1"/></method><method name="read" desc="([Ljava/nio/ByteBuffer;II)J" line="159"><counter type="INSTRUCTION" missed="11" covered="18"/><counter type="BRANCH" missed="2" covered="2"/><counter type="LINE" missed="2" covered="3"/><counter type="COMPLEXITY" missed="2" covered="1"/><counter type="METHOD" missed="0" covered="1"/></method><method name="write" desc="(Ljava/nio/ByteBuffer;)I" line="178"><counter type="INSTRUCTION" missed="0" covered="20"/><counter type="LINE" missed="0" covered="6"/><counter type="COMPLEXITY" missed="0" covered="1"/><counter type="METHOD" missed="0" covered="1"/></method><method name="write" desc="([Ljava/nio/ByteBuffer;II)J" line="191"><counter type="INSTRUCTION" missed="41" covered="0"/><counter type="BRANCH" missed="8" covered="0"/><counter type="LINE" missed="11" covered="0"/><counter type="COMPLEXITY" missed="5" covered="0"/><counter type="METHOD" missed="1" covered="0"/></method><method name="receive" desc="(Ljava/nio/ByteBuffer;)Ljava/net/SocketAddress;" line="225"><counter type="INSTRUCTION" missed="8" covered="21"/><counter type="BRANCH" missed="3" covered="3"/><counter type="LINE" missed="1" covered="6"/><counter type="COMPLEXITY" missed="2" covered="2"/><counter type="METHOD" missed="0" covered="1"/></method><method name="send" desc="(Ljava/nio/ByteBuffer;Ljava/net/SocketAddress;)I" line="246"><counter type="INSTRUCTION" missed="4" covered="15"/><counter type="BRANCH" missed="1" covered="1"/><counter type="LINE" missed="1" covered="4"/><counter type="COMPLEXITY" missed="1" covered="1"/><counter type="METHOD" missed="0" covered="1"/></method><method name="connect" desc="(Ljava/net/SocketAddress;)Ljava/nio/channels/DatagramChannel;" line="256"><counter type="INSTRUCTION" missed="0" covered="7"/><counter type="LINE" missed="0" covered="2"/><counter type="COMPLEXITY" missed="0" covered="1"/><counter type="METHOD" missed="0" covered="1"/></method><method name="disconnect" desc="()Ljava/nio/channels/DatagramChannel;" line="266"><counter type="INSTRUCTION" missed="0" covered="4"/><counter type="LINE" missed="0" covered="1"/><counter type="COMPLEXITY" missed="0" covered="1"/><counter type="METHOD" missed="0" covered="1"/></method><method name="join" desc="(Ljava/net/InetAddress;Ljava/net/NetworkInterface;)Ljava/nio/channels/MembershipKey;" line="274"><counter type="INSTRUCTION" missed="0" covered="4"/><counter type="LINE" missed="0" covered="1"/><counter type="COMPLEXITY" missed="0" covered="1"/><counter type="METHOD" missed="0" covered="1"/></method><method name="join" desc="(Ljava/net/InetAddress;Ljava/net/NetworkInterface;Ljava/net/InetAddress;)Ljava/nio/channels/MembershipKey;" line="282"><counter type="INSTRUCTION" missed="0" covered="4"/><counter type="LINE" missed="0" covered="1"/><counter type="COMPLEXITY" missed="0" covered="1"/><counter type="METHOD" missed="0" covered="1"/></method><method name="implCloseSelectableChannel" desc="()V" line="292"><counter type="INSTRUCTION" missed="3" covered="41"/><counter type="BRANCH" missed="1" covered="5"/><counter type="LINE" missed="2" covered="17"/><counter type="COMPLEXITY" missed="1" covered="3"/><counter type="METHOD" missed="0" covered="1"/></method><method name="implConfigureBlocking" desc="(Z)V" line="329"><counter type="INSTRUCTION" missed="0" covered="6"/><counter type="LINE" missed="0" covered="2"/><counter type="COMPLEXITY" missed="0" covered="1"/><counter type="METHOD" missed="0" covered="1"/></method><method name="isConnected" desc="()Z" line="334"><counter type="INSTRUCTION" missed="0" covered="4"/><counter type="LINE" missed="0" covered="1"/><counter type="COMPLEXITY" missed="0" covered="1"/><counter type="METHOD" missed="0" covered="1"/></method><method name="getRemoteAddress" desc="()Ljava/net/SocketAddress;" line="339"><counter type="INSTRUCTION" missed="0" covered="4"/><counter type="LINE" missed="0" covered="1"/><counter type="COMPLEXITY" missed="0" covered="1"/><counter type="METHOD" missed="0" covered="1"/></method><method name="getLocalAddress" desc="()Ljava/net/SocketAddress;" line="344"><counter type="INSTRUCTION" missed="0" covered="4"/><counter type="LINE" missed="0" covered="1"/><counter type="COMPLEXITY" missed="0" covered="1"/><counter type="METHOD" missed="0" covered="1"/></method><method name="bind" desc="(Ljava/net/SocketAddress;)Ljava/nio/channels/DatagramChannel;" line="349"><counter type="INSTRUCTION" missed="0" covered="7"/><counter type="LINE" missed="0" covered="2"/><counter type="COMPLEXITY" missed="0" covered="1"/><counter type="METHOD" missed="0" covered="1"/></method><method name="setOption" desc="(Ljava/net/SocketOption;Ljava/lang/Object;)Ljava/nio/channels/DatagramChannel;" line="355"><counter type="INSTRUCTION" missed="0" covered="8"/><counter type="LINE" missed="0" covered="2"/><counter type="COMPLEXITY" missed="0" covered="1"/><counter type="METHOD" missed="0" covered="1"/></method><method name="getOption" desc="(Ljava/net/SocketOption;)Ljava/lang/Object;" line="361"><counter type="INSTRUCTION" missed="0" covered="5"/><counter type="LINE" missed="0" covered="1"/><counter type="COMPLEXITY" missed="0" covered="1"/><counter type="METHOD" missed="0" covered="1"/></method><method name="supportedOptions" desc="()Ljava/util/Set;" line="366"><counter type="INSTRUCTION" missed="0" covered="4"/><counter type="LINE" missed="0" covered="1"/><counter type="COMPLEXITY" missed="0" covered="1"/><counter type="METHOD" missed="0" covered="1"/></method><method name="socket" desc="()Ljava/net/DatagramSocket;" line="371"><counter type="INSTRUCTION" missed="0" covered="4"/><counter type="LINE" missed="0" covered="1"/><counter type="COMPLEXITY" missed="0" covered="1"/><counter type="METHOD" missed="0" covered="1"/></method><method name="checkConnected" desc="()V" line="375"><counter type="INSTRUCTION" missed="0" covered="9"/><counter type="BRANCH" missed="0" covered="2"/><counter type="LINE" missed="0" covered="3"/><counter type="COMPLEXITY" missed="0" covered="2"/><counter type="METHOD" missed="0" covered="1"/></method><method name="requireNonBlocking" desc="()V" line="387"><counter type="INSTRUCTION" missed="0" covered="8"/><counter type="BRANCH" missed="0" covered="2"/><counter type="LINE" missed="0" covered="3"/><counter type="COMPLEXITY" missed="0" covered="2"/><counter type="METHOD" missed="0" covered="1"/></method><counter type="INSTRUCTION" missed="79" covered="259"/><counter type="BRANCH" missed="15" covered="17"/><counter type="LINE" missed="20" covered="77"/><counter type="COMPLEXITY" missed="12" covered="30"/><counter type="METHOD" missed="2" covered="24"/><counter type="CLASS" missed="0" covered="1"/></class><class name="io/github/rhusar/securenio/channels/TLSByteChannel" sourcefilename="TLSByteChannel.java"><method name="&lt;init&gt;" desc="(Ljava/nio/channels/SocketChannel;Ljavax/net/ssl/SSLEngine;Ljava/util/concurrent/ExecutorService;)V" line="55"><counter type="INSTRUCTION" missed="0" covered="45"/><counter type="LINE" missed="0" covered="14"/><counter type="COMPLEXITY" missed="0" covered="1"/><counter type="METHOD" missed="0" covered="1"/></method><method name="decrypt" desc="(Ljava/nio/ByteBuffer;)I" line="79"><counter type="INSTRUCTION" missed="4" covered="44"/><counter type="BRANCH" missed="3" covered="11"/><counter type="LINE" missed="0" covered="10"/><counter type="COMPLEXITY" missed="2" covered="6"/><counter type="METHOD" missed="0" covered="1"/></method><method name="transferFromScratchpad" desc="(Ljava/nio/ByteBuffer;)V" line="112"><counter type="INSTRUCTION" missed="0" covered="45"/><counter type="BRANCH" missed="0" covered="4"/><counter type="LINE" missed="0" covered="10"/><counter type="COMPLEXITY" missed="0" covered="3"/><counter type="METHOD" missed="0" covered="1"/></method><method name="encrypt" desc="(Ljava/nio/ByteBuffer;)I" line="131"><counter type="INSTRUCTION" missed="0" covered="9"/><counter type="LINE" missed="0" covered="3"/><counter type="COMPLEXITY" missed="0" covered="1"/><counter type="METHOD" missed="0" covered="1"/></method><method name="closeOutbound" desc="()V" line="146"><counter type="INSTRUCTION" missed="2" covered="46"/><counter type="BRANCH" missed="3" covered="9"/><counter type="LINE" missed="2" covered="11"/><counter type="COMPLEXITY" missed="3" covered="4"/><counter type="METHOD" missed="0" covered="1"/></method><method name="shutdown" desc="()V" line="180"><counter type="INSTRUCTION" missed="1" covered="10"/><counter type="LINE" missed="1" covered="6"/><counter type="COMPLEXITY" missed="0" covered="1"/><counter type="METHOD" missed="0" covered="1"/></method><method name="performDecryption" desc="()I" line="190"><counter type="INSTRUCTION" missed="5" covered="168"/><counter type="BRANCH" missed="5" covered="29"/><counter type="LINE" missed="2" covered="40"/><counter type="COMPLEXITY" missed="5" covered="16"/><counter type="METHOD" missed="0" covered="1"/></method><method name="performEncryption" desc="(Ljava/nio/ByteBuffer;)I" line="304"><counter type="INSTRUCTION" missed="61" covered="63"/><counter type="BRANCH" missed="14" covered="11"/><counter type="LINE" missed="19" covered="17"/><counter type="COMPLEXITY" missed="11" covered="5"/><counter type="METHOD" missed="0" covered="1"/></method><method name="transmitToNetwork" desc="(Ljava/nio/ByteBuffer;)I" line="385"><counter type="INSTRUCTION" missed="7" covered="21"/><counter type="BRANCH" missed="4" covered="4"/><counter type="LINE" missed="4" covered="8"/><counter type="COMPLEXITY" missed="3" covered="2"/><counter type="METHOD" missed="0" covered="1"/></method><method name="&lt;clinit&gt;" desc="()V" line="28"><counter type="INSTRUCTION" missed="0" covered="4"/><counter type="LINE" missed="0" covered="1"/><counter type="COMPLEXITY" missed="0" covered="1"/><counter type="METHOD" missed="0" covered="1"/></method><counter type="INSTRUCTION" missed="80" covered="455"/><counter type="BRANCH" missed="29" covered="68"/><counter type="LINE" missed="28" covered="120"/><counter type="COMPLEXITY" missed="24" covered="40"/><counter type="METHOD" missed="0" covered="10"/><counter type="CLASS" missed="0" covered="1"/></class><class name="io/github/rhusar/securenio/channels/SecureServerSocketChannel" sourcefilename="SecureServerSocketChannel.java"><method name="&lt;init&gt;" desc="(Ljava/nio/channels/ServerSocketChannel;Ljavax/net/ssl/SSLContext;Ljava/util/concurrent/ExecutorService;)V" line="35"><counter type="INSTRUCTION" missed="0" covered="14"/><counter type="LINE" missed="0" covered="5"/><counter type="COMPLEXITY" missed="0" covered="1"/><counter type="METHOD" missed="0" covered="1"/></method><method name="delegate" desc="()Ljava/nio/channels/ServerSocketChannel;" line="46"><counter type="INSTRUCTION" missed="0" covered="3"/><counter type="LINE" missed="0" covered="1"/><counter type="COMPLEXITY" missed="0" covered="1"/><counter type="METHOD" missed="0" covered="1"/></method><method name="accept" desc="()Ljava/nio/channels/SocketChannel;" line="51"><counter type="INSTRUCTION" missed="0" covered="23"/><counter type="BRANCH" missed="0" covered="2"/><counter type="LINE" missed="0" covered="6"/><counter type="COMPLEXITY" missed="0" covered="2"/><counter type="METHOD" missed="0" covered="1"/></method><method name="implCloseSelectableChannel" desc="()V" line="64"><counter type="INSTRUCTION" missed="0" covered="4"/><counter type="LINE" missed="0" covered="2"/><counter type="COMPLEXITY" missed="0" covered="1"/><counter type="METHOD" missed="0" covered="1"/></method><method name="implConfigureBlocking" desc="(Z)V" line="69"><counter type="INSTRUCTION" missed="0" covered="6"/><counter type="LINE" missed="0" covered="2"/><counter type="COMPLEXITY" missed="0" covered="1"/><counter type="METHOD" missed="0" covered="1"/></method><method name="bind" desc="(Ljava/net/SocketAddress;I)Ljava/nio/channels/ServerSocketChannel;" line="74"><counter type="INSTRUCTION" missed="0" covered="8"/><counter type="LINE" missed="0" covered="2"/><counter type="COMPLEXITY" missed="0" covered="1"/><counter type="METHOD" missed="0" covered="1"/></method><method name="setOption" desc="(Ljava/net/SocketOption;Ljava/lang/Object;)Ljava/nio/channels/ServerSocketChannel;" line="80"><counter type="INSTRUCTION" missed="0" covered="8"/><counter type="LINE" missed="0" covered="2"/><counter type="COMPLEXITY" missed="0" covered="1"/><counter type="METHOD" missed="0" covered="1"/></method><method name="getOption" desc="(Ljava/net/SocketOption;)Ljava/lang/Object;" line="86"><counter type="INSTRUCTION" missed="0" covered="5"/><counter type="LINE" missed="0" covered="1"/><counter type="COMPLEXITY" missed="0" covered="1"/><counter type="METHOD" missed="0" covered="1"/></method><method name="supportedOptions" desc="()Ljava/util/Set;" line="91"><counter type="INSTRUCTION" missed="0" covered="4"/><counter type="LINE" missed="0" covered="1"/><counter type="COMPLEXITY" missed="0" covered="1"/><counter type="METHOD" missed="0" covered="1"/></method><method name="socket" desc="()Ljava/net/ServerSocket;" line="96"><counter type="INSTRUCTION" missed="0" covered="4"/><counter type="LINE" missed="0" covered="1"/><counter type="COMPLEXITY" missed="0" covered="1"/><counter type="METHOD" missed="0" covered="1"/></method><method name="getLocalAddress" desc="()Ljava/net/SocketAddress;" line="101"><counter type="INSTRUCTION" missed="0" covered="4"/><counter type="LINE" missed="0" covered="1"/><counter type="COMPLEXITY" missed="0" covered="1"/><counter type="METHOD" missed="0" covered="1"/></method><counter type="INSTRUCTION" missed="0" covered="83"/><counter type="BRANCH" missed="0" covered="2"/><counter type="LINE" missed="0" covered="24"/><counter type="COMPLEXITY" missed="0" covered="12"/><counter type="METHOD" missed="0" covered="11"/><counter type="CLASS" missed="0" covered="1"/></class><class name="io/github/rhusar/securenio/channels/TLSByteChannel$1" sourcefilename="TLSByteChannel.java"/><class name="io/github/rhusar/securenio/channels/DTLSByteChannel$1" sourcefilename="DTLSByteChannel.java"/><class name="io/github/rhusar/securenio/channels/DTLSByteChannel" sourcefilename="DTLSByteChannel.java"><method name="&lt;init&gt;" desc="(Ljava/nio/channels/DatagramChannel;Ljavax/net/ssl/SSLEngine;Ljava/util/concurrent/ExecutorService;)V" line="62"><counter type="INSTRUCTION" missed="0" covered="38"/><counter type="LINE" missed="0" covered="11"/><counter type="COMPLEXITY" missed="0" covered="1"/><counter type="METHOD" missed="0" covered="1"/></method><method name="decrypt" desc="(Ljava/nio/ByteBuffer;)I" line="89"><counter type="INSTRUCTION" missed="45" covered="113"/><counter type="BRANCH" missed="9" covered="25"/><counter type="LINE" missed="12" covered="29"/><counter type="COMPLEXITY" missed="8" covered="12"/><counter type="METHOD" missed="0" covered="1"/></method><method name="encrypt" desc="(Ljava/nio/ByteBuffer;)I" line="192"><counter type="INSTRUCTION" missed="0" covered="4"/><counter type="LINE" missed="0" covered="1"/><counter type="COMPLEXITY" missed="0" covered="1"/><counter type="METHOD" missed="0" covered="1"/></method><method name="retransmit" desc="()V" line="201"><counter type="INSTRUCTION" missed="31" covered="46"/><counter type="BRANCH" missed="9" covered="7"/><counter type="LINE" missed="11" covered="11"/><counter type="COMPLEXITY" missed="8" covered="1"/><counter type="METHOD" missed="0" covered="1"/></method><method name="isHandshaking" desc="()Z" line="241"><counter type="INSTRUCTION" missed="1" covered="8"/><counter type="BRANCH" missed="1" covered="1"/><counter type="LINE" missed="0" covered="1"/><counter type="COMPLEXITY" missed="1" covered="1"/><counter type="METHOD" missed="0" covered="1"/></method><method name="closeOutbound" desc="()V" line="251"><counter type="INSTRUCTION" missed="1" covered="25"/><counter type="BRANCH" missed="1" covered="1"/><counter type="LINE" missed="1" covered="7"/><counter type="COMPLEXITY" missed="1" covered="1"/><counter type="METHOD" missed="0" covered="1"/></method><method name="shutdown" desc="()V" line="272"><counter type="INSTRUCTION" missed="1" covered="10"/><counter type="LINE" missed="1" covered="6"/><counter type="COMPLEXITY" missed="0" covered="1"/><counter type="METHOD" missed="0" covered="1"/></method><method name="performEncryption" desc="(Ljava/nio/ByteBuffer;)I" line="282"><counter type="INSTRUCTION" missed="21" covered="97"/><counter type="BRANCH" missed="14" covered="18"/><counter type="LINE" missed="8" covered="24"/><counter type="COMPLEXITY" missed="12" covered="7"/><counter type="METHOD" missed="0" covered="1"/></method><method name="transmitPending" desc="()Z" line="371"><counter type="INSTRUCTION" missed="1" covered="17"/><counter type="BRANCH" missed="1" covered="3"/><counter type="LINE" missed="0" covered="3"/><counter type="COMPLEXITY" missed="1" covered="2"/><counter type="METHOD" missed="0" covered="1"/></method><method name="transferToCaller" desc="(Ljava/nio/ByteBuffer;)I" line="382"><counter type="INSTRUCTION" missed="0" covered="42"/><counter type="BRANCH" missed="0" covered="2"/><counter type="LINE" missed="0" covered="9"/><counter type="COMPLEXITY" missed="0" covered="2"/><counter type="METHOD" missed="0" covered="1"/></method><method name="&lt;clinit&gt;" desc="()V" line="38"><counter type="INSTRUCTION" missed="0" covered="4"/><counter type="LINE" missed="0" covered="1"/><counter type="COMPLEXITY" missed="0" covered="1"/><counter type="METHOD" missed="0" covered="1"/></method><counter type="INSTRUCTION" missed="101" covered="404"/><counter type="BRANCH" missed="35" covered="57"/><counter type="LINE" missed="33" covered="103"/><counter type="COMPLEXITY" missed="31" covered="30"/><counter type="METHOD" missed="0" covered="11"/><counter type="CLASS" missed="0" covered="1"/></class><sourcefile name="SecureSocketChannel.java"><line nr="60" mi="0" ci="5" mb="0" cb="0"/><line nr="63" mi="0" ci="4" mb="0" cb="0"/><line nr="64" mi="0" ci="3" mb="0" cb="0"/><line nr="65" mi="0" ci="8" mb="0" cb="0"/><line nr="66" mi="0" ci="1" mb="0" cb="0"/><line nr="72" mi="0" ci="3" mb="0" cb="0"/><line nr="81" mi="0" ci="3" mb="0" cb="2"/><line nr="82" mi="0" ci="4" mb="0" cb="0"/><line nr="84" mi="0" ci="1" mb="0" cb="0"/><line nr="94" mi="0" ci="3" mb="0" cb="0"/><line nr="95" mi="0" ci="3" mb="0" cb="2"/><line nr="96" mi="0" ci="5" mb="0" cb="0"/><line nr="98" mi="0" ci="2" mb="0" cb="0"/><line nr="99" mi="0" ci="3" mb="0" cb="0"/><line nr="101" mi="0" ci="3" mb="0" cb="0"/><line nr="102" mi="0" ci="5" mb="0" cb="0"/><line nr="103" mi="0" ci="2" mb="0" cb="2"/><line nr="104" mi="0" ci="4" mb="0" cb="0"/><line nr="106" mi="0" ci="7" mb="0" cb="0"/><line nr="108" mi="0" ci="3" mb="0" cb="0"/><line nr="114" mi="0" ci="6" mb="0" cb="0"/><line nr="115" mi="0" ci="2" mb="0" cb="0"/><line nr="116" mi="2" ci="7" mb="1" cb="1"/><line nr="117" mi="0" ci="4" mb="0" cb="0"/><line nr="118" mi="0" ci="3" mb="1" cb="1"/><line nr="119" mi="4" ci="0" mb="0" cb="0"/><line nr="120" mi="2" ci="0" mb="2" cb="0"/><line nr="121" mi="5" ci="0" mb="0" cb="0"/><line nr="122" mi="3" ci="0" mb="2" cb="0"/><line nr="123" mi="1" ci="0" mb="0" cb="0"/><line nr="126" mi="6" ci="0" mb="4" cb="0"/><line nr="127" mi="3" ci="0" mb="0" cb="0"/><line nr="133" mi="2" ci="0" mb="0" cb="0"/><line nr="144" mi="0" ci="3" mb="0" cb="0"/><line nr="145" mi="0" ci="2" mb="0" cb="0"/><line nr="146" mi="0" ci="3" mb="0" cb="0"/><line nr="148" mi="0" ci="3" mb="0" cb="0"/><line nr="149" mi="0" ci="5" mb="0" cb="0"/><line nr="150" mi="0" ci="2" mb="1" cb="1"/><line nr="151" mi="4" ci="0" mb="0" cb="0"/><line nr="153" mi="0" ci="7" mb="0" cb="0"/><line nr="155" mi="0" ci="3" mb="0" cb="0"/><line nr="161" mi="6" ci="0" mb="0" cb="0"/><line nr="162" mi="2" ci="0" mb="0" cb="0"/><line nr="163" mi="9" ci="0" mb="2" cb="0"/><line nr="164" mi="4" ci="0" mb="0" cb="0"/><line nr="165" mi="3" ci="0" mb="2" cb="0"/><line nr="166" mi="4" ci="0" mb="0" cb="0"/><line nr="167" mi="2" ci="0" mb="2" cb="0"/><line nr="168" mi="5" ci="0" mb="0" cb="0"/><line nr="169" mi="3" ci="0" mb="2" cb="0"/><line nr="170" mi="1" ci="0" mb="0" cb="0"/><line nr="173" mi="6" ci="0" mb="4" cb="0"/><line nr="174" mi="3" ci="0" mb="0" cb="0"/><line nr="180" mi="2" ci="0" mb="0" cb="0"/><line nr="190" mi="0" ci="2" mb="0" cb="0"/><line nr="192" mi="0" ci="6" mb="0" cb="0"/><line nr="193" mi="1" ci="0" mb="0" cb="0"/><line nr="194" mi="2" ci="0" mb="0" cb="0"/><line nr="195" mi="0" ci="1" mb="0" cb="0"/><line nr="196" mi="0" ci="2" mb="0" cb="2"/><line nr="197" mi="0" ci="3" mb="0" cb="0"/><line nr="198" mi="0" ci="1" mb="0" cb="0"/><line nr="201" mi="0" ci="2" mb="0" cb="0"/><line nr="206" mi="0" ci="4" mb="0" cb="2"/><line nr="207" mi="0" ci="3" mb="0" cb="0"/><line nr="209" mi="0" ci="1" mb="0" cb="0"/><line nr="212" mi="0" ci="2" mb="0" cb="0"/><line nr="214" mi="0" ci="3" mb="0" cb="0"/><line nr="215" mi="0" ci="3" mb="0" cb="0"/><line nr="217" mi="0" ci="2" mb="0" cb="2"/><line nr="218" mi="0" ci="2" mb="0" cb="0"/><line nr="221" mi="0" ci="3" mb="0" cb="0"/><line nr="223" mi="0" ci="1" mb="0" cb="0"/><line nr="227" mi="0" ci="5" mb="0" cb="0"/><line nr="228" mi="0" ci="1" mb="0" cb="0"/><line nr="232" mi="0" ci="4" mb="0" cb="0"/><line nr="237" mi="0" ci="4" mb="0" cb="0"/><line nr="242" mi="0" ci="5" mb="0" cb="0"/><line nr="247" mi="0" ci="4" mb="0" cb="0"/><line nr="252" mi="4" ci="0" mb="0" cb="0"/><line nr="257" mi="0" ci="4" mb="0" cb="0"/><line nr="262" mi="0" ci="5" mb="0" cb="0"/><line nr="263" mi="0" ci="2" mb="0" cb="0"/><line nr="268" mi="0" ci="6" mb="0" cb="0"/><line nr="269" mi="0" ci="2" mb="0" cb="0"/><line nr="274" mi="0" ci="5" mb="0" cb="0"/><line nr="279" mi="0" ci="4" mb="0" cb="0"/><line nr="284" mi="4" ci="0" mb="0" cb="0"/><line nr="285" mi="2" ci="0" mb="0" cb="0"/><line nr="290" mi="4" ci="0" mb="0" cb="0"/><line nr="291" mi="2" ci="0" mb="0" cb="0"/><line nr="296" mi="0" ci="4" mb="0" cb="0"/><counter type="INSTRUCTION" missed="101" covered="218"/><counter type="BRANCH" missed="23" covered="15"/><counter type="LINE" missed="29" covered="64"/><counter type="COMPLEXITY" missed="17" covered="24"/><counter type="METHOD" missed="4" covered="18"/><counter type="CLASS" missed="0" covered="1"/></sourcefile><sourcefile name="SecureServerSocketChannel.java"><line nr="35" mi="0" ci="4" mb="0" cb="0"/><line nr="37" mi="0" ci="3" mb="0" cb="0"/><line nr="38" mi="0" ci="3" mb="0" cb="0"/><line nr="39" mi="0" ci="3" mb="0" cb="0"/><line nr="40" mi="0" ci="1" mb="0" cb="0"/><line nr="46" mi="0" ci="3" mb="0" cb="0"/><line nr="51" mi="0" ci="4" mb="0" cb="0"/><line nr="52" mi="0" ci="2" mb="0" cb="2"/><line nr="53" mi="0" ci="2" mb="0" cb="0"/><line nr="56" mi="0" ci="4" mb="0" cb="0"/><line nr="57" mi="0" ci="3" mb="0" cb="0"/><line nr="59" mi="0" ci="8" mb="0" cb="0"/><line nr="64" mi="0" ci="3" mb="0" cb="0"/><line nr="65" mi="0" ci="1" mb="0" cb="0"/><line nr="69" mi="0" ci="5" mb="0" cb="0"/><line nr="70" mi="0" ci="1" mb="0" cb="0"/><line nr="74" mi="0" ci="6" mb="0" cb="0"/><line nr="75" mi="0" ci="2" mb="0" cb="0"/><line nr="80" mi="0" ci="6" mb="0" cb="0"/><line nr="81" mi="0" ci="2" mb="0" cb="0"/><line nr="86" mi="0" ci="5" mb="0" cb="0"/><line nr="91" mi="0" ci="4" mb="0" cb="0"/><line nr="96" mi="0" ci="4" mb="0" cb="0"/><line nr="101" mi="0" ci="4" mb="0" cb="0"/><counter type="INSTRUCTION" missed="0" covered="83"/><counter type="BRANCH" missed="0" covered="2"/><counter type="LINE" missed="0" covered="24"/><counter type="COMPLEXITY" missed="0" covered="12"/><counter type="METHOD" missed="0" covered="11"/><counter type="CLASS" missed="0" covered="1"/></sourcefile><sourcefile name="SecureDatagramChannel.java"><line nr="89" mi="0" ci="5" mb="0" cb="0"/><line nr="92" mi="0" ci="4" mb="0" cb="0"/><line nr="93" mi="0" ci="3" mb="0" cb="0"/><line nr="94" mi="0" ci="8" mb="0" cb="0"/><line nr="95" mi="0" ci="1" mb="0" cb="0"/><line nr="101" mi="0" ci="3" mb="0" cb="0"/><line nr="110" mi="0" ci="3" mb="0" cb="0"/><line nr="112" mi="0" ci="3" mb="0" cb="0"/><line nr="114" mi="0" ci="3" mb="0" cb="0"/><line nr="116" mi="0" ci="1" mb="0" cb="0"/><line nr="122" mi="3" ci="0" mb="0" cb="0"/><line nr="124" mi="6" ci="0" mb="0" cb="0"/><line nr="126" mi="3" ci="0" mb="0" cb="0"/><line nr="143" mi="0" ci="3" mb="0" cb="0"/><line nr="144" mi="0" ci="3" mb="0" cb="2"/><line nr="145" mi="0" ci="5" mb="0" cb="0"/><line nr="147" mi="0" ci="2" mb="0" cb="0"/><line nr="148" mi="0" ci="2" mb="0" cb="0"/><line nr="149" mi="0" ci="3" mb="0" cb="0"/><line nr="151" mi="0" ci="7" mb="0" cb="0"/><line nr="153" mi="0" ci="3" mb="0" cb="0"/><line nr="159" mi="0" ci="6" mb="0" cb="0"/><line nr="162" mi="2" ci="7" mb="1" cb="1"/><line nr="163" mi="0" ci="5" mb="1" cb="1"/><line nr="164" mi="7" ci="0" mb="0" cb="0"/><line nr="167" mi="2" ci="0" mb="0" cb="0"/><line nr="178" mi="0" ci="3" mb="0" cb="0"/><line nr="179" mi="0" ci="2" mb="0" cb="0"/><line nr="180" mi="0" ci="2" mb="0" cb="0"/><line nr="181" mi="0" ci="3" mb="0" cb="0"/><line nr="183" mi="0" ci="7" mb="0" cb="0"/><line nr="185" mi="0" ci="3" mb="0" cb="0"/><line nr="191" mi="6" ci="0" mb="0" cb="0"/><line nr="192" mi="2" ci="0" mb="0" cb="0"/><line nr="193" mi="9" ci="0" mb="2" cb="0"/><line nr="194" mi="4" ci="0" mb="0" cb="0"/><line nr="195" mi="3" ci="0" mb="2" cb="0"/><line nr="196" mi="4" ci="0" mb="0" cb="0"/><line nr="197" mi="2" ci="0" mb="2" cb="0"/><line nr="198" mi="5" ci="0" mb="0" cb="0"/><line nr="199" mi="3" ci="0" mb="2" cb="0"/><line nr="200" mi="1" ci="0" mb="0" cb="0"/><line nr="207" mi="2" ci="0" mb="0" cb="0"/><line nr="225" mi="0" ci="3" mb="0" cb="2"/><line nr="226" mi="0" ci="5" mb="0" cb="0"/><line nr="228" mi="0" ci="2" mb="0" cb="0"/><line nr="229" mi="0" ci="4" mb="0" cb="0"/><line nr="230" mi="0" ci="2" mb="1" cb="1"/><line nr="231" mi="0" ci="5" mb="0" cb="0"/><line nr="233" mi="8" ci="0" mb="2" cb="0"/><line nr="246" mi="0" ci="3" mb="0" cb="0"/><line nr="247" mi="0" ci="2" mb="0" cb="0"/><line nr="248" mi="0" ci="6" mb="1" cb="1"/><line nr="249" mi="0" ci="4" mb="0" cb="0"/><line nr="251" mi="4" ci="0" mb="0" cb="0"/><line nr="256" mi="0" ci="5" mb="0" cb="0"/><line nr="257" mi="0" ci="2" mb="0" cb="0"/><line nr="266" mi="0" ci="4" mb="0" cb="0"/><line nr="274" mi="0" ci="4" mb="0" cb="0"/><line nr="282" mi="0" ci="4" mb="0" cb="0"/><line nr="292" mi="0" ci="2" mb="0" cb="0"/><line nr="294" mi="0" ci="6" mb="0" cb="0"/><line nr="295" mi="1" ci="0" mb="0" cb="0"/><line nr="296" mi="2" ci="0" mb="0" cb="0"/><line nr="297" mi="0" ci="1" mb="0" cb="0"/><line nr="298" mi="0" ci="2" mb="0" cb="2"/><line nr="299" mi="0" ci="3" mb="0" cb="0"/><line nr="300" mi="0" ci="1" mb="0" cb="0"/><line nr="303" mi="0" ci="2" mb="0" cb="0"/><line nr="308" mi="0" ci="4" mb="1" cb="1"/><line nr="309" mi="0" ci="3" mb="0" cb="0"/><line nr="311" mi="0" ci="1" mb="0" cb="0"/><line nr="314" mi="0" ci="2" mb="0" cb="0"/><line nr="316" mi="0" ci="3" mb="0" cb="0"/><line nr="317" mi="0" ci="3" mb="0" cb="0"/><line nr="319" mi="0" ci="2" mb="0" cb="2"/><line nr="320" mi="0" ci="2" mb="0" cb="0"/><line nr="323" mi="0" ci="3" mb="0" cb="0"/><line nr="325" mi="0" ci="1" mb="0" cb="0"/><line nr="329" mi="0" ci="5" mb="0" cb="0"/><line nr="330" mi="0" ci="1" mb="0" cb="0"/><line nr="334" mi="0" ci="4" mb="0" cb="0"/><line nr="339" mi="0" ci="4" mb="0" cb="0"/><line nr="344" mi="0" ci="4" mb="0" cb="0"/><line nr="349" mi="0" ci="5" mb="0" cb="0"/><line nr="350" mi="0" ci="2" mb="0" cb="0"/><line nr="355" mi="0" ci="6" mb="0" cb="0"/><line nr="356" mi="0" ci="2" mb="0" cb="0"/><line nr="361" mi="0" ci="5" mb="0" cb="0"/><line nr="366" mi="0" ci="4" mb="0" cb="0"/><line nr="371" mi="0" ci="4" mb="0" cb="0"/><line nr="375" mi="0" ci="4" mb="0" cb="2"/><line nr="376" mi="0" ci="4" mb="0" cb="0"/><line nr="378" mi="0" ci="1" mb="0" cb="0"/><line nr="387" mi="0" ci="3" mb="0" cb="2"/><line nr="388" mi="0" ci="4" mb="0" cb="0"/><line nr="390" mi="0" ci="1" mb="0" cb="0"/><counter type="INSTRUCTION" missed="79" covered="259"/><counter type="BRANCH" missed="15" covered="17"/><counter type="LINE" missed="20" covered="77"/><counter type="COMPLEXITY" missed="12" covered="30"/><counter type="METHOD" missed="2" covered="24"/><counter type="CLASS" missed="0" covered="1"/></sourcefile><sourcefile name="TLSByteChannel.java"><line nr="28" mi="0" ci="4" mb="0" cb="0"/><line nr="55" mi="0" ci="2" mb="0" cb="0"/><line nr="56" mi="0" ci="3" mb="0" cb="0"/><line nr="57" mi="0" ci="3" mb="0" cb="0"/><line nr="58" mi="0" ci="3" mb="0" cb="0"/><line nr="60" mi="0" ci="3" mb="0" cb="0"/><line nr="61" mi="0" ci="3" mb="0" cb="0"/><line nr="62" mi="0" ci="3" mb="0" cb="0"/><line nr="64" mi="0" ci="4" mb="0" cb="0"/><line nr="65" mi="0" ci="4" mb="0" cb="0"/><line nr="66" mi="0" ci="4" mb="0" cb="0"/><line nr="68" mi="0" ci="4" mb="0" cb="0"/><line nr="69" mi="0" ci="4" mb="0" cb="0"/><line nr="70" mi="0" ci="4" mb="0" cb="0"/><line nr="71" mi="0" ci="1" mb="0" cb="0"/><line nr="79" mi="0" ci="3" mb="0" cb="0"/><line nr="82" mi="0" ci="3" mb="0" cb="0"/><line nr="86" mi="0" ci="2" mb="0" cb="0"/><line nr="92" mi="0" ci="3" mb="0" cb="0"/><line nr="93" mi="0" ci="5" mb="0" cb="0"/><line nr="94" mi="4" ci="12" mb="3" cb="7"/><line nr="98" mi="0" ci="3" mb="0" cb="0"/><line nr="104" mi="0" ci="6" mb="0" cb="4"/><line nr="105" mi="0" ci="5" mb="0" cb="0"/><line nr="108" mi="0" ci="2" mb="0" cb="0"/><line nr="112" mi="0" ci="4" mb="0" cb="2"/><line nr="113" mi="0" ci="4" mb="0" cb="0"/><line nr="114" mi="0" ci="7" mb="0" cb="0"/><line nr="115" mi="0" ci="2" mb="0" cb="2"/><line nr="116" mi="0" ci="4" mb="0" cb="0"/><line nr="117" mi="0" ci="9" mb="0" cb="0"/><line nr="118" mi="0" ci="5" mb="0" cb="0"/><line nr="119" mi="0" ci="5" mb="0" cb="0"/><line nr="121" mi="0" ci="4" mb="0" cb="0"/><line nr="123" mi="0" ci="1" mb="0" cb="0"/><line nr="131" mi="0" ci="4" mb="0" cb="0"/><line nr="132" mi="0" ci="3" mb="0" cb="0"/><line nr="133" mi="0" ci="2" mb="0" cb="0"/><line nr="146" mi="0" ci="3" mb="0" cb="0"/><line nr="151" mi="0" ci="4" mb="0" cb="2"/><line nr="152" mi="0" ci="4" mb="0" cb="0"/><line nr="153" mi="0" ci="7" mb="0" cb="0"/><line nr="154" mi="0" ci="4" mb="0" cb="0"/><line nr="156" mi="0" ci="4" mb="0" cb="2"/><line nr="157" mi="0" ci="5" mb="0" cb="0"/><line nr="158" mi="0" ci="6" mb="2" cb="2"/><line nr="160" mi="1" ci="0" mb="0" cb="0"/><line nr="167" mi="0" ci="7" mb="1" cb="3"/><line nr="168" mi="0" ci="1" mb="0" cb="0"/><line nr="170" mi="1" ci="0" mb="0" cb="0"/><line nr="171" mi="0" ci="1" mb="0" cb="0"/><line nr="180" mi="0" ci="3" mb="0" cb="0"/><line nr="181" mi="0" ci="1" mb="0" cb="0"/><line nr="182" mi="0" ci="1" mb="0" cb="0"/><line nr="184" mi="0" ci="3" mb="0" cb="0"/><line nr="185" mi="1" ci="0" mb="0" cb="0"/><line nr="186" mi="0" ci="1" mb="0" cb="0"/><line nr="187" mi="0" ci="1" mb="0" cb="0"/><line nr="190" mi="0" ci="2" mb="0" cb="0"/><line nr="191" mi="0" ci="2" mb="0" cb="0"/><line nr="196" mi="0" ci="2" mb="0" cb="0"/><line nr="197" mi="0" ci="4" mb="0" cb="2"/><line nr="198" mi="0" ci="6" mb="0" cb="0"/><line nr="199" mi="0" ci="2" mb="0" cb="2"/><line nr="200" mi="0" ci="6" mb="0" cb="6"/><line nr="208" mi="0" ci="3" mb="0" cb="0"/><line nr="209" mi="0" ci="2" mb="0" cb="0"/><line nr="213" mi="0" ci="4" mb="0" cb="0"/><line nr="215" mi="0" ci="1" mb="0" cb="0"/><line nr="218" mi="0" ci="4" mb="0" cb="0"/><line nr="220" mi="0" ci="4" mb="0" cb="2"/><line nr="221" mi="0" ci="4" mb="0" cb="0"/><line nr="224" mi="0" ci="4" mb="0" cb="0"/><line nr="226" mi="0" ci="8" mb="0" cb="0"/><line nr="229" mi="0" ci="6" mb="1" cb="4"/><line nr="231" mi="0" ci="6" mb="1" cb="4"/><line nr="235" mi="0" ci="1" mb="0" cb="0"/><line nr="237" mi="0" ci="5" mb="0" cb="0"/><line nr="241" mi="0" ci="1" mb="0" cb="0"/><line nr="243" mi="1" ci="0" mb="0" cb="0"/><line nr="251" mi="0" ci="5" mb="0" cb="0"/><line nr="252" mi="0" ci="9" mb="1" cb="1"/><line nr="255" mi="0" ci="7" mb="0" cb="0"/><line nr="256" mi="0" ci="4" mb="0" cb="0"/><line nr="257" mi="0" ci="5" mb="0" cb="0"/><line nr="258" mi="0" ci="3" mb="0" cb="0"/><line nr="262" mi="0" ci="2" mb="1" cb="1"/><line nr="263" mi="4" ci="0" mb="0" cb="0"/><line nr="265" mi="0" ci="4" mb="0" cb="0"/><line nr="276" mi="0" ci="5" mb="0" cb="0"/><line nr="277" mi="0" ci="5" mb="0" cb="2"/><line nr="278" mi="0" ci="3" mb="0" cb="0"/><line nr="279" mi="0" ci="5" mb="0" cb="0"/><line nr="280" mi="0" ci="3" mb="0" cb="0"/><line nr="281" mi="0" ci="3" mb="0" cb="0"/><line nr="291" mi="0" ci="2" mb="0" cb="2"/><line nr="292" mi="0" ci="4" mb="0" cb="0"/><line nr="296" mi="0" ci="12" mb="0" cb="0"/><line nr="298" mi="0" ci="8" mb="1" cb="3"/><line nr="300" mi="0" ci="2" mb="0" cb="0"/><line nr="304" mi="0" ci="2" mb="0" cb="0"/><line nr="307" mi="0" ci="4" mb="1" cb="1"/><line nr="308" mi="5" ci="0" mb="0" cb="0"/><line nr="309" mi="2" ci="0" mb="2" cb="0"/><line nr="310" mi="2" ci="0" mb="0" cb="0"/><line nr="312" mi="4" ci="0" mb="0" cb="0"/><line nr="317" mi="0" ci="7" mb="1" cb="1"/><line nr="318" mi="0" ci="4" mb="0" cb="0"/><line nr="320" mi="0" ci="7" mb="0" cb="0"/><line nr="322" mi="0" ci="4" mb="0" cb="0"/><line nr="325" mi="0" ci="4" mb="0" cb="2"/><line nr="326" mi="0" ci="5" mb="0" cb="0"/><line nr="327" mi="0" ci="2" mb="1" cb="1"/><line nr="328" mi="2" ci="0" mb="2" cb="0"/><line nr="329" mi="2" ci="0" mb="0" cb="0"/><line nr="331" mi="2" ci="0" mb="0" cb="0"/><line nr="334" mi="0" ci="4" mb="0" cb="0"/><line nr="339" mi="0" ci="6" mb="3" cb="1"/><line nr="341" mi="0" ci="6" mb="2" cb="3"/><line nr="343" mi="0" ci="1" mb="0" cb="0"/><line nr="345" mi="0" ci="1" mb="0" cb="0"/><line nr="347" mi="5" ci="0" mb="0" cb="0"/><line nr="348" mi="1" ci="0" mb="0" cb="0"/><line nr="351" mi="0" ci="3" mb="0" cb="2"/><line nr="352" mi="0" ci="1" mb="0" cb="0"/><line nr="357" mi="1" ci="0" mb="0" cb="0"/><line nr="366" mi="5" ci="0" mb="0" cb="0"/><line nr="367" mi="9" ci="0" mb="2" cb="0"/><line nr="368" mi="1" ci="0" mb="0" cb="0"/><line nr="370" mi="7" ci="0" mb="0" cb="0"/><line nr="371" mi="5" ci="0" mb="0" cb="0"/><line nr="372" mi="3" ci="0" mb="0" cb="0"/><line nr="373" mi="3" ci="0" mb="0" cb="0"/><line nr="374" mi="1" ci="0" mb="0" cb="0"/><line nr="377" mi="1" ci="0" mb="0" cb="0"/><line nr="381" mi="0" ci="2" mb="0" cb="0"/><line nr="385" mi="0" ci="2" mb="0" cb="0"/><line nr="386" mi="0" ci="3" mb="0" cb="2"/><line nr="387" mi="0" ci="5" mb="0" cb="0"/><line nr="388" mi="0" ci="2" mb="1" cb="1"/><line nr="389" mi="1" ci="0" mb="0" cb="0"/><line nr="390" mi="0" ci="2" mb="1" cb="1"/><line nr="391" mi="2" ci="0" mb="2" cb="0"/><line nr="392" mi="2" ci="0" mb="0" cb="0"/><line nr="394" mi="2" ci="0" mb="0" cb="0"/><line nr="397" mi="0" ci="4" mb="0" cb="0"/><line nr="398" mi="0" ci="1" mb="0" cb="0"/><line nr="399" mi="0" ci="2" mb="0" cb="0"/><counter type="INSTRUCTION" missed="80" covered="455"/><counter type="BRANCH" missed="29" covered="68"/><counter type="LINE" missed="28" covered="120"/><counter type="COMPLEXITY" missed="24" covered="40"/><counter type="METHOD" missed="0" covered="10"/><counter type="CLASS" missed="0" covered="1"/></sourcefile><sourcefile name="DelegatedTasks.java"><line nr="36" mi="0" ci="2" mb="0" cb="0"/><line nr="37" mi="0" ci="5" mb="0" cb="2"/><line nr="39" mi="0" ci="4" mb="0" cb="0"/><line nr="40" mi="0" ci="2" mb="1" cb="1"/><line nr="41" mi="0" ci="4" mb="0" cb="0"/><line nr="43" mi="0" ci="4" mb="0" cb="0"/><line nr="44" mi="1" ci="0" mb="0" cb="0"/><line nr="47" mi="2" ci="0" mb="0" cb="0"/><line nr="48" mi="1" ci="1" mb="0" cb="0"/><line nr="51" mi="0" ci="2" mb="1" cb="1"/><line nr="52" mi="1" ci="0" mb="0" cb="0"/><line nr="55" mi="0" ci="10" mb="0" cb="2"/><line nr="57" mi="0" ci="3" mb="0" cb="0"/><line nr="58" mi="1" ci="0" mb="0" cb="0"/><line nr="59" mi="2" ci="0" mb="0" cb="0"/><line nr="60" mi="6" ci="0" mb="0" cb="0"/><line nr="61" mi="1" ci="0" mb="0" cb="0"/><line nr="62" mi="7" ci="0" mb="0" cb="0"/><line nr="63" mi="0" ci="1" mb="0" cb="0"/><line nr="64" mi="0" ci="1" mb="0" cb="0"/><line nr="65" mi="0" ci="1" mb="0" cb="0"/><counter type="INSTRUCTION" missed="22" covered="40"/><counter type="BRANCH" missed="2" covered="6"/><counter type="LINE" missed="8" covered="13"/><counter type="COMPLEXITY" missed="2" covered="3"/><counter type="METHOD" missed="0" covered="1"/><counter type="CLASS" missed="0" covered="1"/></sourcefile><sourcefile name="DTLSByteChannel.java"><line nr="38" mi="0" ci="4" mb="0" cb="0"/><line nr="62" mi="0" ci="2" mb="0" cb="0"/><line nr="63" mi="0" ci="3" mb="0" cb="0"/><line nr="64" mi="0" ci="3" mb="0" cb="0"/><line nr="65" mi="0" ci="3" mb="0" cb="0"/><line nr="67" mi="0" ci="3" mb="0" cb="0"/><line nr="69" mi="0" ci="5" mb="0" cb="0"/><line nr="70" mi="0" ci="4" mb="0" cb="0"/><line nr="71" mi="0" ci="5" mb="0" cb="0"/><line nr="72" mi="0" ci="4" mb="0" cb="0"/><line nr="74" mi="0" ci="5" mb="0" cb="0"/><line nr="75" mi="0" ci="1" mb="0" cb="0"/><line nr="89" mi="0" ci="4" mb="0" cb="2"/><line nr="90" mi="0" ci="2" mb="0" cb="0"/><line nr="95" mi="0" ci="4" mb="0" cb="2"/><line nr="96" mi="0" ci="4" mb="0" cb="0"/><line nr="97" mi="0" ci="6" mb="0" cb="0"/><line nr="98" mi="0" ci="4" mb="0" cb="0"/><line nr="103" mi="0" ci="7" mb="1" cb="3"/><line nr="104" mi="0" ci="2" mb="0" cb="0"/><line nr="108" mi="0" ci="2" mb="0" cb="0"/><line nr="109" mi="0" ci="2" mb="0" cb="0"/><line nr="112" mi="0" ci="6" mb="0" cb="2"/><line nr="113" mi="0" ci="7" mb="1" cb="3"/><line nr="116" mi="0" ci="8" mb="0" cb="0"/><line nr="118" mi="0" ci="6" mb="3" cb="2"/><line nr="120" mi="0" ci="6" mb="0" cb="3"/><line nr="122" mi="0" ci="5" mb="0" cb="0"/><line nr="123" mi="0" ci="1" mb="0" cb="0"/><line nr="129" mi="0" ci="4" mb="0" cb="0"/><line nr="130" mi="0" ci="5" mb="1" cb="1"/><line nr="131" mi="1" ci="0" mb="0" cb="0"/><line nr="139" mi="0" ci="3" mb="0" cb="2"/><line nr="140" mi="0" ci="1" mb="0" cb="0"/><line nr="148" mi="7" ci="0" mb="0" cb="0"/><line nr="149" mi="1" ci="0" mb="0" cb="0"/><line nr="154" mi="5" ci="0" mb="0" cb="0"/><line nr="155" mi="9" ci="0" mb="2" cb="0"/><line nr="156" mi="1" ci="0" mb="0" cb="0"/><line nr="158" mi="7" ci="0" mb="0" cb="0"/><line nr="159" mi="4" ci="0" mb="0" cb="0"/><line nr="160" mi="5" ci="0" mb="0" cb="0"/><line nr="161" mi="3" ci="0" mb="0" cb="0"/><line nr="162" mi="1" ci="0" mb="0" cb="0"/><line nr="165" mi="0" ci="2" mb="0" cb="0"/><line nr="166" mi="0" ci="1" mb="0" cb="0"/><line nr="168" mi="1" ci="0" mb="0" cb="0"/><line nr="173" mi="0" ci="5" mb="0" cb="2"/><line nr="174" mi="0" ci="4" mb="0" cb="0"/><line nr="177" mi="0" ci="4" mb="0" cb="0"/><line nr="178" mi="0" ci="4" mb="1" cb="3"/><line nr="179" mi="0" ci="2" mb="0" cb="0"/><line nr="181" mi="0" ci="2" mb="0" cb="0"/><line nr="192" mi="0" ci="4" mb="0" cb="0"/><line nr="201" mi="0" ci="7" mb="2" cb="2"/><line nr="202" mi="1" ci="0" mb="0" cb="0"/><line nr="208" mi="2" ci="5" mb="1" cb="1"/><line nr="209" mi="0" ci="3" mb="1" cb="1"/><line nr="210" mi="1" ci="0" mb="0" cb="0"/><line nr="213" mi="0" ci="4" mb="0" cb="0"/><line nr="214" mi="0" ci="7" mb="0" cb="0"/><line nr="215" mi="0" ci="4" mb="0" cb="0"/><line nr="217" mi="0" ci="4" mb="1" cb="1"/><line nr="218" mi="5" ci="0" mb="0" cb="0"/><line nr="219" mi="1" ci="0" mb="0" cb="0"/><line nr="222" mi="0" ci="4" mb="1" cb="1"/><line nr="223" mi="5" ci="0" mb="0" cb="0"/><line nr="224" mi="5" ci="0" mb="2" cb="0"/><line nr="225" mi="1" ci="0" mb="0" cb="0"/><line nr="227" mi="4" ci="0" mb="0" cb="0"/><line nr="228" mi="4" ci="0" mb="0" cb="0"/><line nr="229" mi="1" ci="0" mb="0" cb="0"/><line nr="232" mi="0" ci="3" mb="0" cb="0"/><line nr="234" mi="0" ci="4" mb="1" cb="1"/><line nr="235" mi="0" ci="1" mb="0" cb="0"/><line nr="238" mi="1" ci="0" mb="0" cb="0"/><line nr="241" mi="1" ci="8" mb="1" cb="1"/><line nr="251" mi="0" ci="3" mb="0" cb="0"/><line nr="255" mi="0" ci="3" mb="1" cb="1"/><line nr="256" mi="1" ci="0" mb="0" cb="0"/><line nr="259" mi="0" ci="4" mb="0" cb="0"/><line nr="260" mi="0" ci="7" mb="0" cb="0"/><line nr="261" mi="0" ci="4" mb="0" cb="0"/><line nr="262" mi="0" ci="3" mb="0" cb="0"/><line nr="263" mi="0" ci="1" mb="0" cb="0"/><line nr="272" mi="0" ci="3" mb="0" cb="0"/><line nr="273" mi="0" ci="1" mb="0" cb="0"/><line nr="274" mi="0" ci="1" mb="0" cb="0"/><line nr="276" mi="0" ci="3" mb="0" cb="0"/><line nr="277" mi="1" ci="0" mb="0" cb="0"/><line nr="278" mi="0" ci="1" mb="0" cb="0"/><line nr="279" mi="0" ci="1" mb="0" cb="0"/><line nr="282" mi="0" ci="3" mb="0" cb="0"/><line nr="288" mi="0" ci="4" mb="0" cb="0"/><line nr="289" mi="0" ci="6" mb="1" cb="3"/><line nr="291" mi="0" ci="3" mb="0" cb="0"/><line nr="292" mi="0" ci="2" mb="0" cb="0"/><line nr="297" mi="0" ci="3" mb="1" cb="1"/><line nr="298" mi="2" ci="0" mb="0" cb="0"/><line nr="302" mi="0" ci="7" mb="1" cb="1"/><line nr="303" mi="0" ci="4" mb="0" cb="0"/><line nr="305" mi="0" ci="7" mb="0" cb="0"/><line nr="307" mi="0" ci="4" mb="0" cb="0"/><line nr="311" mi="0" ci="3" mb="0" cb="0"/><line nr="313" mi="0" ci="6" mb="1" cb="3"/><line nr="315" mi="0" ci="6" mb="1" cb="3"/><line nr="317" mi="5" ci="0" mb="0" cb="0"/><line nr="320" mi="7" ci="0" mb="2" cb="0"/><line nr="321" mi="3" ci="0" mb="2" cb="0"/><line nr="322" mi="1" ci="0" mb="0" cb="0"/><line nr="327" mi="0" ci="2" mb="1" cb="1"/><line nr="328" mi="1" ci="0" mb="0" cb="0"/><line nr="335" mi="0" ci="9" mb="2" cb="4"/><line nr="336" mi="0" ci="2" mb="1" cb="1"/><line nr="337" mi="1" ci="0" mb="0" cb="0"/><line nr="343" mi="0" ci="1" mb="0" cb="0"/><line nr="349" mi="0" ci="5" mb="0" cb="0"/><line nr="350" mi="0" ci="5" mb="1" cb="1"/><line nr="351" mi="1" ci="0" mb="0" cb="0"/><line nr="353" mi="0" ci="4" mb="0" cb="0"/><line nr="354" mi="0" ci="4" mb="0" cb="0"/><line nr="355" mi="0" ci="1" mb="0" cb="0"/><line nr="358" mi="0" ci="1" mb="0" cb="0"/><line nr="362" mi="0" ci="5" mb="0" cb="0"/><line nr="371" mi="0" ci="4" mb="0" cb="2"/><line nr="372" mi="0" ci="6" mb="0" cb="0"/><line nr="374" mi="1" ci="7" mb="1" cb="1"/><line nr="382" mi="0" ci="4" mb="0" cb="0"/><line nr="383" mi="0" ci="7" mb="0" cb="0"/><line nr="384" mi="0" ci="2" mb="0" cb="2"/><line nr="385" mi="0" ci="4" mb="0" cb="0"/><line nr="386" mi="0" ci="9" mb="0" cb="0"/><line nr="387" mi="0" ci="5" mb="0" cb="0"/><line nr="388" mi="0" ci="5" mb="0" cb="0"/><line nr="390" mi="0" ci="4" mb="0" cb="0"/><line nr="391" mi="0" ci="2" mb="0" cb="0"/><counter type="INSTRUCTION" missed="101" covered="404"/><counter type="BRANCH" missed="35" covered="57"/><counter type="LINE" missed="33" covered="103"/><counter type="COMPLEXITY" missed="31" covered="30"/><counter type="METHOD" missed="0" covered="11"/><counter type="CLASS" missed="0" covered="1"/></sourcefile><counter type="INSTRUCTION" missed="383" covered="1459"/><counter type="BRANCH" missed="104" covered="165"/><counter type="LINE" missed="118" covered="401"/><counter type="COMPLEXITY" missed="86" covered="139"/><counter type="METHOD" missed="6" covered="75"/><counter type="CLASS" missed="0" covered="6"/></package><package name="io/github/rhusar/securenio/channels/spi"><class name="io/github/rhusar/securenio/channels/spi/DelegatingSelectorProvider" sourcefilename="DelegatingSelectorProvider.java"><method name="&lt;init&gt;" desc="()V" line="22"><counter type="INSTRUCTION" missed="0" covered="6"/><counter type="LINE" missed="0" covered="2"/><counter type="COMPLEXITY" missed="0" covered="1"/><counter type="METHOD" missed="0" covered="1"/></method><method name="openSelector" desc="()Ljava/nio/channels/spi/AbstractSelector;" line="28"><counter type="INSTRUCTION" missed="0" covered="8"/><counter type="LINE" missed="0" covered="1"/><counter type="COMPLEXITY" missed="0" covered="1"/><counter type="METHOD" missed="0" covered="1"/></method><method name="openDatagramChannel" desc="()Ljava/nio/channels/DatagramChannel;" line="33"><counter type="INSTRUCTION" missed="4" covered="0"/><counter type="LINE" missed="1" covered="0"/><counter type="COMPLEXITY" missed="1" covered="0"/><counter type="METHOD" missed="1" covered="0"/></method><method name="openDatagramChannel" desc="(Ljava/net/ProtocolFamily;)Ljava/nio/channels/DatagramChannel;" line="38"><counter type="INSTRUCTION" missed="4" covered="0"/><counter type="LINE" missed="1" covered="0"/><counter type="COMPLEXITY" missed="1" covered="0"/><counter type="METHOD" missed="1" covered="0"/></method><method name="openPipe" desc="()Ljava/nio/channels/Pipe;" line="43"><counter type="INSTRUCTION" missed="4" covered="0"/><counter type="LINE" missed="1" covered="0"/><counter type="COMPLEXITY" missed="1" covered="0"/><counter type="METHOD" missed="1" covered="0"/></method><method name="openServerSocketChannel" desc="()Ljava/nio/channels/ServerSocketChannel;" line="48"><counter type="INSTRUCTION" missed="4" covered="0"/><counter type="LINE" missed="1" covered="0"/><counter type="COMPLEXITY" missed="1" covered="0"/><counter type="METHOD" missed="1" covered="0"/></method><method name="openSocketChannel" desc="()Ljava/nio/channels/SocketChannel;" line="53"><counter type="INSTRUCTION" missed="4" covered="0"/><counter type="LINE" missed="1" covered="0"/><counter type="COMPLEXITY" missed="1" covered="0"/><counter type="METHOD" missed="1" covered="0"/></method><counter type="INSTRUCTION" missed="20" covered="14"/><counter type="LINE" missed="5" covered="3"/><counter type="COMPLEXITY" missed="5" covered="2"/><counter type="METHOD" missed="5" covered="2"/><counter type="CLASS" missed="0" covered="1"/></class><class name="io/github/rhusar/securenio/channels/spi/DelegatingSelector" sourcefilename="DelegatingSelector.java"><method name="&lt;init&gt;" desc="(Ljava/nio/channels/spi/SelectorProvider;Ljava/nio/channels/Selector;)V" line="38"><counter type="INSTRUCTION" missed="0" covered="7"/><counter type="LINE" missed="0" covered="3"/><counter type="COMPLEXITY" missed="0" covered="1"/><counter type="METHOD" missed="0" covered="1"/></method><method name="register" desc="(Ljava/nio/channels/spi/AbstractSelectableChannel;ILjava/lang/Object;)Ljava/nio/channels/SelectionKey;" line="44"><counter type="INSTRUCTION" missed="6" covered="10"/><counter type="LINE" missed="2" covered="2"/><counter type="COMPLEXITY" missed="0" covered="1"/><counter type="METHOD" missed="0" covered="1"/></method><method name="unwrap" desc="(Ljava/nio/channels/spi/AbstractSelectableChannel;)Ljava/nio/channels/SelectableChannel;" line="53"><counter type="INSTRUCTION" missed="0" covered="29"/><counter type="BRANCH" missed="0" covered="6"/><counter type="LINE" missed="0" covered="7"/><counter type="COMPLEXITY" missed="0" covered="4"/><counter type="METHOD" missed="0" covered="1"/></method><method name="keys" desc="()Ljava/util/Set;" line="67"><counter type="INSTRUCTION" missed="0" covered="4"/><counter type="LINE" missed="0" covered="1"/><counter type="COMPLEXITY" missed="0" covered="1"/><counter type="METHOD" missed="0" covered="1"/></method><method name="selectedKeys" desc="()Ljava/util/Set;" line="72"><counter type="INSTRUCTION" missed="0" covered="4"/><counter type="LINE" missed="0" covered="1"/><counter type="COMPLEXITY" missed="0" covered="1"/><counter type="METHOD" missed="0" covered="1"/></method><method name="selectNow" desc="()I" line="77"><counter type="INSTRUCTION" missed="0" covered="4"/><counter type="LINE" missed="0" covered="1"/><counter type="COMPLEXITY" missed="0" covered="1"/><counter type="METHOD" missed="0" covered="1"/></method><method name="select" desc="(J)I" line="82"><counter type="INSTRUCTION" missed="0" covered="5"/><counter type="LINE" missed="0" covered="1"/><counter type="COMPLEXITY" missed="0" covered="1"/><counter type="METHOD" missed="0" covered="1"/></method><method name="select" desc="()I" line="87"><counter type="INSTRUCTION" missed="4" covered="0"/><counter type="LINE" missed="1" covered="0"/><counter type="COMPLEXITY" missed="1" covered="0"/><counter type="METHOD" missed="1" covered="0"/></method><method name="select" desc="(Ljava/util/function/Consumer;J)I" line="92"><counter type="INSTRUCTION" missed="6" covered="0"/><counter type="LINE" missed="1" covered="0"/><counter type="COMPLEXITY" missed="1" covered="0"/><counter type="METHOD" missed="1" covered="0"/></method><method name="select" desc="(Ljava/util/function/Consumer;)I" line="97"><counter type="INSTRUCTION" missed="5" covered="0"/><counter type="LINE" missed="1" covered="0"/><counter type="COMPLEXITY" missed="1" covered="0"/><counter type="METHOD" missed="1" covered="0"/></method><method name="selectNow" desc="(Ljava/util/function/Consumer;)I" line="102"><counter type="INSTRUCTION" missed="5" covered="0"/><counter type="LINE" missed="1" covered="0"/><counter type="COMPLEXITY" missed="1" covered="0"/><counter type="METHOD" missed="1" covered="0"/></method><method name="wakeup" desc="()Ljava/nio/channels/Selector;" line="107"><counter type="INSTRUCTION" missed="0" covered="6"/><counter type="LINE" missed="0" covered="2"/><counter type="COMPLEXITY" missed="0" covered="1"/><counter type="METHOD" missed="0" covered="1"/></method><method name="implCloseSelector" desc="()V" line="113"><counter type="INSTRUCTION" missed="0" covered="4"/><counter type="LINE" missed="0" covered="2"/><counter type="COMPLEXITY" missed="0" covered="1"/><counter type="METHOD" missed="0" covered="1"/></method><counter type="INSTRUCTION" missed="26" covered="73"/><counter type="BRANCH" missed="0" covered="6"/><counter type="LINE" missed="6" covered="20"/><counter type="COMPLEXITY" missed="4" covered="12"/><counter type="METHOD" missed="4" covered="9"/><counter type="CLASS" missed="0" covered="1"/></class><sourcefile name="DelegatingSelector.java"><line nr="38" mi="0" ci="3" mb="0" cb="0"/><line nr="39" mi="0" ci="3" mb="0" cb="0"/><line nr="40" mi="0" ci="1" mb="0" cb="0"/><line nr="44" mi="0" ci="3" mb="0" cb="0"/><line nr="46" mi="0" ci="7" mb="0" cb="0"/><line nr="47" mi="1" ci="0" mb="0" cb="0"/><line nr="48" mi="5" ci="0" mb="0" cb="0"/><line nr="53" mi="0" ci="6" mb="0" cb="2"/><line nr="54" mi="0" ci="3" mb="0" cb="0"/><line nr="56" mi="0" ci="6" mb="0" cb="2"/><line nr="57" mi="0" ci="3" mb="0" cb="0"/><line nr="59" mi="0" ci="6" mb="0" cb="2"/><line nr="60" mi="0" ci="3" mb="0" cb="0"/><line nr="62" mi="0" ci="2" mb="0" cb="0"/><line nr="67" mi="0" ci="4" mb="0" cb="0"/><line nr="72" mi="0" ci="4" mb="0" cb="0"/><line nr="77" mi="0" ci="4" mb="0" cb="0"/><line nr="82" mi="0" ci="5" mb="0" cb="0"/><line nr="87" mi="4" ci="0" mb="0" cb="0"/><line nr="92" mi="6" ci="0" mb="0" cb="0"/><line nr="97" mi="5" ci="0" mb="0" cb="0"/><line nr="102" mi="5" ci="0" mb="0" cb="0"/><line nr="107" mi="0" ci="4" mb="0" cb="0"/><line nr="108" mi="0" ci="2" mb="0" cb="0"/><line nr="113" mi="0" ci="3" mb="0" cb="0"/><line nr="114" mi="0" ci="1" mb="0" cb="0"/><counter type="INSTRUCTION" missed="26" covered="73"/><counter type="BRANCH" missed="0" covered="6"/><counter type="LINE" missed="6" covered="20"/><counter type="COMPLEXITY" missed="4" covered="12"/><counter type="METHOD" missed="4" covered="9"/><counter type="CLASS" missed="0" covered="1"/></sourcefile><sourcefile name="DelegatingSelectorProvider.java"><line nr="22" mi="0" ci="2" mb="0" cb="0"/><line nr="24" mi="0" ci="4" mb="0" cb="0"/><line nr="28" mi="0" ci="8" mb="0" cb="0"/><line nr="33" mi="4" ci="0" mb="0" cb="0"/><line nr="38" mi="4" ci="0" mb="0" cb="0"/><line nr="43" mi="4" ci="0" mb="0" cb="0"/><line nr="48" mi="4" ci="0" mb="0" cb="0"/><line nr="53" mi="4" ci="0" mb="0" cb="0"/><counter type="INSTRUCTION" missed="20" covered="14"/><counter type="LINE" missed="5" covered="3"/><counter type="COMPLEXITY" missed="5" covered="2"/><counter type="METHOD" missed="5" covered="2"/><counter type="CLASS" missed="0" covered="1"/></sourcefile><counter type="INSTRUCTION" missed="46" covered="87"/><counter type="BRANCH" missed="0" covered="6"/><counter type="LINE" missed="11" covered="23"/><counter type="COMPLEXITY" missed="9" covered="14"/><counter type="METHOD" missed="9" covered="11"/><counter type="CLASS" missed="0" covered="2"/></package><counter type="INSTRUCTION" missed="429" covered="1546"/><counter type="BRANCH" missed="104" covered="171"/><counter type="LINE" missed="129" covered="424"/><counter type="COMPLEXITY" missed="95" covered="153"/><counter type="METHOD" missed="15" covered="86"/><counter type="CLASS" missed="0" covered="8"/></report>